<?xml version="1.0" encoding="UTF-8"?>
<!-- Generated by org.testng.reporters.JUnitReportReporter -->
<testsuite hostname="DESKTOP-CB7OD0T" failures="0" tests="1" name="selenium.basics.CrossBrowserTest" time="4.342" errors="0" timestamp="2024-07-17T15:22:57 IST" skipped="0">
  <testcase classname="selenium.basics.CrossBrowserTest" name="Test" time="4.342"/>
</testsuite> <!-- selenium.basics.CrossBrowserTest -->
